<?xml version="1.0" encoding="UTF-8"?>
<Site BuildName="Darwin-clang++"
	BuildStamp="20251013-2110-Experimental"
	Name="IPod-Touch-2001.local"
	Generator="ctest-4.1.2"
	CompilerName="/usr/bin/clang++"
	CompilerVersion="15.0.0.15000309"
	OSName="macOS"
	Hostname="IPod-Touch-2001.local"
	OSRelease="14.6.1"
	OSVersion="23G93"
	OSPlatform="arm64"
	Is64Bits="1"
	VendorString="Apple"
	VendorID="Apple"
	FamilyID="0"
	ModelID="0"
	ModelName="Apple M3 Max"
	ProcessorCacheSize="131072"
	NumberOfLogicalCPU="16"
	NumberOfPhysicalCPU="16"
	TotalVirtualMemory="3072"
	TotalPhysicalMemory="65536"
	LogicalProcessorsPerPhysical="16"
	ProcessorClockFrequency="0"
	>
	<Testing>
		<StartDateTime>Oct 21 17:35 PDT</StartDateTime>
		<StartTestTime>1761093319</StartTestTime>
		<TestList/>
		<EndDateTime>Oct 21 17:35 PDT</EndDateTime>
		<EndTestTime>1761093319</EndTestTime>
		<ElapsedMinutes>0</ElapsedMinutes>
	</Testing>
</Site>
